<?xml version="1.0" encoding="UTF-8"?>
<testsuite name="pathfinder.scriptTestRunner.ScriptFileTests" tests="6" skipped="0" failures="0" errors="0" timestamp="2023-08-04T15:59:28" hostname="TUNA" time="0.088">
  <properties/>
  <testcase name="checkOutput[Connected2Nodes]" classname="pathfinder.scriptTestRunner.ScriptFileTests" time="0.042"/>
  <testcase name="checkOutput[Connected3]" classname="pathfinder.scriptTestRunner.ScriptFileTests" time="0.007"/>
  <testcase name="checkOutput[ConnectedDisconnected]" classname="pathfinder.scriptTestRunner.ScriptFileTests" time="0.006"/>
  <testcase name="checkOutput[exampleDijkstraTest]" classname="pathfinder.scriptTestRunner.ScriptFileTests" time="0.007"/>
  <testcase name="checkOutput[MultipleEdgesBetweenNodes]" classname="pathfinder.scriptTestRunner.ScriptFileTests" time="0.017"/>
  <testcase name="checkOutput[PathNotFound]" classname="pathfinder.scriptTestRunner.ScriptFileTests" time="0.006"/>
  <system-out><![CDATA[]]></system-out>
  <system-err><![CDATA[]]></system-err>
</testsuite>
